<?xml version="1.0" encoding="UTF-8"?>
<coverage generated="1674702485262" clover="3.2.0">
  <project timestamp="1674702485263" name="All files">
    <metrics statements="20" coveredstatements="7" conditionals="6" coveredconditionals="2" methods="9" coveredmethods="3" elements="35" coveredelements="12" complexity="0" loc="20" ncloc="20" packages="1" files="2" classes="2"/>
    <file name="Todo.js" path="C:\Users\Ing-Alex\Desktop\collaborateWithSajib\src\modules\Todo.js">
      <metrics statements="3" coveredstatements="3" conditionals="0" coveredconditionals="0" methods="1" coveredmethods="1"/>
      <line num="3" count="2" type="stmt"/>
      <line num="4" count="2" type="stmt"/>
      <line num="5" count="2" type="stmt"/>
    </file>
    <file name="TodoList.js" path="C:\Users\Ing-Alex\Desktop\collaborateWithSajib\src\modules\TodoList.js">
      <metrics statements="17" coveredstatements="4" conditionals="6" coveredconditionals="2" methods="8" coveredmethods="2"/>
      <line num="5" count="1" type="stmt"/>
      <line num="6" count="1" type="cond" truecount="2" falsecount="0"/>
      <line num="10" count="2" type="stmt"/>
      <line num="11" count="2" type="stmt"/>
      <line num="15" count="0" type="stmt"/>
      <line num="16" count="0" type="stmt"/>
      <line num="17" count="0" type="cond" truecount="0" falsecount="2"/>
      <line num="18" count="0" type="stmt"/>
      <line num="19" count="0" type="stmt"/>
      <line num="21" count="0" type="stmt"/>
      <line num="23" count="0" type="stmt"/>
      <line num="27" count="0" type="stmt"/>
      <line num="28" count="0" type="cond" truecount="0" falsecount="2"/>
      <line num="29" count="0" type="stmt"/>
      <line num="31" count="0" type="stmt"/>
      <line num="33" count="0" type="stmt"/>
      <line num="37" count="0" type="stmt"/>
    </file>
  </project>
</coverage>
