{"D:\\todolist\\src\\modules\\Todo.js": {"path":"D:\\todolist\\src\\modules\\Todo.js","statementMap":{"0":{"start":{"line":3,"column":4},"end":{"line":3,"column":35}},"1":{"start":{"line":4,"column":4},"end":{"line":4,"column":23}},"2":{"start":{"line":5,"column":4},"end":{"line":5,"column":27}}},"fnMap":{"0":{"name":"(anonymous_0)","decl":{"start":{"line":2,"column":2},"end":{"line":2,"column":3}},"loc":{"start":{"line":2,"column":34},"end":{"line":6,"column":3}},"line":2}},"branchMap":{},"s":{"0":1,"1":1,"2":1},"f":{"0":1},"b":{},"_coverageSchema":"1a1c01bbd47fc00a2c39e90264f33305004495a9","hash":"cf473b18bd6eb8e4506cf4cc7a34bf9a3569af95"}
,"D:\\todolist\\src\\modules\\TodoList.js": {"path":"D:\\todolist\\src\\modules\\TodoList.js","statementMap":{"0":{"start":{"line":7,"column":19},"end":{"line":7,"column":21}},"1":{"start":{"line":8,"column":4},"end":{"line":10,"column":5}},"2":{"start":{"line":9,"column":6},"end":{"line":9,"column":61}},"3":{"start":{"line":11,"column":4},"end":{"line":11,"column":29}},"4":{"start":{"line":16,"column":20},"end":{"line":16,"column":48}},"5":{"start":{"line":17,"column":4},"end":{"line":17,"column":32}},"6":{"start":{"line":18,"column":4},"end":{"line":18,"column":25}},"7":{"start":{"line":22,"column":23},"end":{"line":22,"column":59}},"8":{"start":{"line":23,"column":24},"end":{"line":27,"column":3}},"9":{"start":{"line":24,"column":2},"end":{"line":24,"column":20}},"10":{"start":{"line":25,"column":2},"end":{"line":25,"column":24}},"11":{"start":{"line":26,"column":2},"end":{"line":26,"column":24}},"12":{"start":{"line":28,"column":2},"end":{"line":28,"column":55}},"13":{"start":{"line":31,"column":2},"end":{"line":31,"column":35}},"14":{"start":{"line":32,"column":26},"end":{"line":42,"column":4}},"15":{"start":{"line":33,"column":4},"end":{"line":39,"column":5}},"16":{"start":{"line":34,"column":6},"end":{"line":34,"column":25}},"17":{"start":{"line":35,"column":6},"end":{"line":35,"column":38}},"18":{"start":{"line":36,"column":18},"end":{"line":36,"column":34}},"19":{"start":{"line":38,"column":6},"end":{"line":38,"column":39}},"20":{"start":{"line":41,"column":4},"end":{"line":41,"column":17}},"21":{"start":{"line":43,"column":2},"end":{"line":43,"column":34}},"22":{"start":{"line":44,"column":2},"end":{"line":44,"column":66}},"23":{"start":{"line":50,"column":28},"end":{"line":55,"column":6}},"24":{"start":{"line":51,"column":6},"end":{"line":53,"column":7}},"25":{"start":{"line":52,"column":8},"end":{"line":52,"column":42}},"26":{"start":{"line":54,"column":6},"end":{"line":54,"column":20}},"27":{"start":{"line":56,"column":4},"end":{"line":56,"column":36}},"28":{"start":{"line":60,"column":4},"end":{"line":60,"column":93}},"29":{"start":{"line":60,"column":41},"end":{"line":60,"column":88}},"30":{"start":{"line":64,"column":4},"end":{"line":64,"column":55}},"31":{"start":{"line":64,"column":36},"end":{"line":64,"column":54}},"32":{"start":{"line":68,"column":19},"end":{"line":68,"column":47}},"33":{"start":{"line":69,"column":6},"end":{"line":69,"column":33}},"34":{"start":{"line":70,"column":6},"end":{"line":70,"column":28}},"35":{"start":{"line":71,"column":6},"end":{"line":71,"column":242}},"36":{"start":{"line":72,"column":20},"end":{"line":72,"column":66}},"37":{"start":{"line":73,"column":6},"end":{"line":73,"column":29}},"38":{"start":{"line":74,"column":6},"end":{"line":74,"column":31}},"39":{"start":{"line":77,"column":17},"end":{"line":77,"column":47}},"40":{"start":{"line":78,"column":18},"end":{"line":78,"column":64}},"41":{"start":{"line":79,"column":4},"end":{"line":79,"column":27}},"42":{"start":{"line":83,"column":15},"end":{"line":83,"column":50}},"43":{"start":{"line":84,"column":2},"end":{"line":84,"column":24}},"44":{"start":{"line":85,"column":2},"end":{"line":85,"column":244}},"45":{"start":{"line":86,"column":2},"end":{"line":86,"column":27}}},"fnMap":{"0":{"name":"(anonymous_0)","decl":{"start":{"line":6,"column":2},"end":{"line":6,"column":3}},"loc":{"start":{"line":6,"column":16},"end":{"line":13,"column":3}},"line":6},"1":{"name":"(anonymous_1)","decl":{"start":{"line":15,"column":2},"end":{"line":15,"column":3}},"loc":{"start":{"line":15,"column":30},"end":{"line":19,"column":3}},"line":15},"2":{"name":"(anonymous_2)","decl":{"start":{"line":21,"column":2},"end":{"line":21,"column":3}},"loc":{"start":{"line":21,"column":21},"end":{"line":29,"column":1}},"line":21},"3":{"name":"(anonymous_3)","decl":{"start":{"line":23,"column":24},"end":{"line":23,"column":25}},"loc":{"start":{"line":23,"column":31},"end":{"line":27,"column":3}},"line":23},"4":{"name":"(anonymous_4)","decl":{"start":{"line":30,"column":0},"end":{"line":30,"column":1}},"loc":{"start":{"line":30,"column":17},"end":{"line":47,"column":1}},"line":30},"5":{"name":"(anonymous_5)","decl":{"start":{"line":32,"column":44},"end":{"line":32,"column":45}},"loc":{"start":{"line":32,"column":56},"end":{"line":42,"column":3}},"line":32},"6":{"name":"(anonymous_6)","decl":{"start":{"line":49,"column":2},"end":{"line":49,"column":3}},"loc":{"start":{"line":49,"column":31},"end":{"line":57,"column":3}},"line":49},"7":{"name":"(anonymous_7)","decl":{"start":{"line":50,"column":46},"end":{"line":50,"column":47}},"loc":{"start":{"line":50,"column":58},"end":{"line":55,"column":5}},"line":50},"8":{"name":"(anonymous_8)","decl":{"start":{"line":59,"column":2},"end":{"line":59,"column":3}},"loc":{"start":{"line":59,"column":24},"end":{"line":61,"column":3}},"line":59},"9":{"name":"(anonymous_9)","decl":{"start":{"line":60,"column":32},"end":{"line":60,"column":33}},"loc":{"start":{"line":60,"column":41},"end":{"line":60,"column":88}},"line":60},"10":{"name":"(anonymous_10)","decl":{"start":{"line":63,"column":2},"end":{"line":63,"column":3}},"loc":{"start":{"line":63,"column":10},"end":{"line":65,"column":3}},"line":63},"11":{"name":"(anonymous_11)","decl":{"start":{"line":64,"column":26},"end":{"line":64,"column":27}},"loc":{"start":{"line":64,"column":36},"end":{"line":64,"column":54}},"line":64},"12":{"name":"(anonymous_12)","decl":{"start":{"line":67,"column":2},"end":{"line":67,"column":3}},"loc":{"start":{"line":67,"column":15},"end":{"line":75,"column":3}},"line":67},"13":{"name":"(anonymous_13)","decl":{"start":{"line":76,"column":2},"end":{"line":76,"column":3}},"loc":{"start":{"line":76,"column":19},"end":{"line":80,"column":1}},"line":76},"14":{"name":"(anonymous_14)","decl":{"start":{"line":82,"column":0},"end":{"line":82,"column":1}},"loc":{"start":{"line":82,"column":25},"end":{"line":87,"column":1}},"line":82}},"branchMap":{"0":{"loc":{"start":{"line":8,"column":4},"end":{"line":10,"column":5}},"type":"if","locations":[{"start":{"line":8,"column":4},"end":{"line":10,"column":5}},{"start":{},"end":{}}],"line":8},"1":{"loc":{"start":{"line":33,"column":4},"end":{"line":39,"column":5}},"type":"if","locations":[{"start":{"line":33,"column":4},"end":{"line":39,"column":5}},{"start":{},"end":{}}],"line":33},"2":{"loc":{"start":{"line":51,"column":6},"end":{"line":53,"column":7}},"type":"if","locations":[{"start":{"line":51,"column":6},"end":{"line":53,"column":7}},{"start":{},"end":{}}],"line":51},"3":{"loc":{"start":{"line":71,"column":49},"end":{"line":71,"column":80}},"type":"cond-expr","locations":[{"start":{"line":71,"column":66},"end":{"line":71,"column":75}},{"start":{"line":71,"column":78},"end":{"line":71,"column":80}}],"line":71},"4":{"loc":{"start":{"line":85,"column":45},"end":{"line":85,"column":76}},"type":"cond-expr","locations":[{"start":{"line":85,"column":62},"end":{"line":85,"column":71}},{"start":{"line":85,"column":74},"end":{"line":85,"column":76}}],"line":85}},"s":{"0":1,"1":1,"2":0,"3":1,"4":1,"5":1,"6":1,"7":1,"8":1,"9":0,"10":0,"11":0,"12":1,"13":0,"14":0,"15":0,"16":0,"17":0,"18":0,"19":0,"20":0,"21":0,"22":0,"23":0,"24":0,"25":0,"26":0,"27":0,"28":0,"29":0,"30":0,"31":0,"32":1,"33":1,"34":1,"35":1,"36":1,"37":1,"38":1,"39":1,"40":1,"41":1,"42":0,"43":0,"44":0,"45":0},"f":{"0":1,"1":1,"2":1,"3":0,"4":0,"5":0,"6":0,"7":0,"8":0,"9":0,"10":0,"11":0,"12":1,"13":1,"14":0},"b":{"0":[0,1],"1":[0,0],"2":[0,0],"3":[0,1],"4":[0,0]},"_coverageSchema":"1a1c01bbd47fc00a2c39e90264f33305004495a9","hash":"4e2cb1deb518c029922e8bb56fe9f32df9a6da7c"}
,"D:\\todolist\\src\\modules\\todoListContainer.js": {"path":"D:\\todolist\\src\\modules\\todoListContainer.js","statementMap":{"0":{"start":{"line":1,"column":14},"end":{"line":1,"column":60}}},"fnMap":{},"branchMap":{},"s":{"0":1},"f":{},"b":{},"_coverageSchema":"1a1c01bbd47fc00a2c39e90264f33305004495a9","hash":"cd5fe1b08c3b4dde88af3c0b02c59a8e31827edd"}
}
